Mplus VERSION 8.8
MUTHEN & MUTHEN
07/25/2024   5:53 PM

INPUT INSTRUCTIONS


  TITLE: ADI_svol8

  DATA:
  	File = "mplus_mtwins_sahana_thesis06192024.csv";
  	
  VARIABLE:

  	Names = idtw twinid famid id ethn0 ethn zyg sex age edu income adi gmvol sgmvol
    	lhvol rhvol cortvol lhth rhth lhsa rhsa icv vol1-vol68 sa1-sa68 th1-th68
    	svol1-svol16 thickavg saavg;

  	
  	Missing = all (-999);

  	Usevar = famid sex ethn age adi svol8;

  	Cluster = famid;
  	
  ANALYSIS:

  	Type = Complex;
  	Estimator = MLR;
  	
  MODEL:

  	svol8 ON adi sex ethn age;

  	! Bring the XS into the model	
  	adi sex ethn age;
  	
  OUTPUT:
  	sampstat cinterval standardized;



INPUT READING TERMINATED NORMALLY



ADI_svol8

SUMMARY OF ANALYSIS

Number of groups                                                 1
Number of observations                                         708

Number of dependent variables                                    1
Number of independent variables                                  4
Number of continuous latent variables                            0

Observed dependent variables

  Continuous
   SVOL8

Observed independent variables
   SEX         ETHN        AGE         ADI

Variables with special functions

  Cluster variable      FAMID

Estimator                                                      MLR
Information matrix                                        OBSERVED
Maximum number of iterations                                  1000
Convergence criterion                                    0.500D-04
Maximum number of steepest descent iterations                   20
Maximum number of iterations for H1                           2000
Convergence criterion for H1                             0.100D-03

Input data file(s)
  mplus_mtwins_sahana_thesis06192024.csv

Input data format  FREE


SUMMARY OF DATA

     Number of missing data patterns             4
     Number of clusters                        354



COVARIANCE COVERAGE OF DATA

Minimum covariance coverage value   0.100


     PROPORTION OF DATA PRESENT


           Covariance Coverage
              SVOL8         SEX           ETHN          AGE           ADI
              ________      ________      ________      ________      ________
 SVOL8          0.668
 SEX            0.668         1.000
 ETHN           0.668         1.000         1.000
 AGE            0.668         1.000         1.000         1.000
 ADI            0.651         0.973         0.973         0.973         0.973


SAMPLE STATISTICS


     ESTIMATED SAMPLE STATISTICS


           Means
              SVOL8         SEX           ETHN          AGE           ADI
              ________      ________      ________      ________      ________
                0.015         0.456         0.785        14.141        60.699


           Covariances
              SVOL8         SEX           ETHN          AGE           ADI
              ________      ________      ________      ________      ________
 SVOL8          0.978
 SEX           -0.200         0.248
 ETHN           0.065         0.013         0.169
 AGE           -0.015         0.171         0.186         5.003
 ADI           -3.538        -0.373        -2.523        -0.272       445.244


           Correlations
              SVOL8         SEX           ETHN          AGE           ADI
              ________      ________      ________      ________      ________
 SVOL8          1.000
 SEX           -0.405         1.000
 ETHN           0.159         0.065         1.000
 AGE           -0.007         0.154         0.202         1.000
 ADI           -0.170        -0.036        -0.291        -0.006         1.000


     MAXIMUM LOG-LIKELIHOOD VALUE FOR THE UNRESTRICTED (H1) MODEL IS -6091.160


UNIVARIATE SAMPLE STATISTICS


     UNIVARIATE HIGHER-ORDER MOMENT DESCRIPTIVE STATISTICS

         Variable/         Mean/     Skewness/   Minimum/ % with                Percentiles
        Sample Size      Variance    Kurtosis    Maximum  Min/Max      20%/60%    40%/80%    Median

     SVOL8                 0.000       0.248      -3.004    0.21%      -0.828     -0.284     -0.056
             473.000       0.998       0.326       3.499    0.21%       0.229      0.764
     SEX                   0.456       0.176       0.000   54.38%       0.000      0.000      0.000
             708.000       0.248      -1.969       1.000   45.62%       1.000      1.000
     ETHN                  0.785      -1.390       0.000   21.47%       0.000      1.000      1.000
             708.000       0.169      -0.069       1.000   78.53%       1.000      1.000
     AGE                  14.141      -0.678       7.000    0.85%      12.000     14.000     14.000
             708.000       5.003       0.237      19.000    0.28%      15.000     16.000
     ADI                  60.657       0.033      12.000    0.29%      41.000     54.000     60.000
             689.000     444.719      -0.901      99.000    0.87%      67.000     80.000


THE MODEL ESTIMATION TERMINATED NORMALLY

     THE STANDARD ERRORS OF THE MODEL PARAMETER ESTIMATES MAY NOT BE
     TRUSTWORTHY FOR SOME PARAMETERS DUE TO A NON-POSITIVE DEFINITE
     FIRST-ORDER DERIVATIVE PRODUCT MATRIX.  THIS MAY BE DUE TO THE STARTING
     VALUES BUT MAY ALSO BE AN INDICATION OF MODEL NONIDENTIFICATION.  THE
     CONDITION NUMBER IS       0.375D-18.  PROBLEM INVOLVING THE FOLLOWING PARAMETER:
     Parameter 19, ADI WITH AGE




MODEL FIT INFORMATION

Number of Free Parameters                       20

Loglikelihood

          H0 Value                       -6091.160
          H0 Scaling Correction Factor      1.7273
            for MLR
          H1 Value                       -6091.160
          H1 Scaling Correction Factor      1.7273
            for MLR

Information Criteria

          Akaike (AIC)                   12222.319
          Bayesian (BIC)                 12313.568
          Sample-Size Adjusted BIC       12250.064
            (n* = (n + 2) / 24)

Chi-Square Test of Model Fit

          Value                              0.000*
          Degrees of Freedom                     0
          P-Value                           0.0000
          Scaling Correction Factor         1.0000
            for MLR

*   The chi-square value for MLM, MLMV, MLR, ULSMV, WLSM and WLSMV cannot be used
    for chi-square difference testing in the regular way.  MLM, MLR and WLSM
    chi-square difference testing is described on the Mplus website.  MLMV, WLSMV,
    and ULSMV difference testing is done using the DIFFTEST option.

RMSEA (Root Mean Square Error Of Approximation)

          Estimate                           0.000
          90 Percent C.I.                    0.000  0.000
          Probability RMSEA <= .05           0.000

CFI/TLI

          CFI                                1.000
          TLI                                1.000

Chi-Square Test of Model Fit for the Baseline Model

          Value                             83.999
          Degrees of Freedom                     4
          P-Value                           0.0000

SRMR (Standardized Root Mean Square Residual)

          Value                              0.000



MODEL RESULTS

                                                    Two-Tailed
                    Estimate       S.E.  Est./S.E.    P-Value

 SVOL8    ON
    ADI               -0.007      0.003     -2.345      0.019
    SEX               -0.841      0.097     -8.717      0.000
    ETHN               0.333      0.144      2.306      0.021
    AGE                0.013      0.024      0.554      0.580

 ETHN     WITH
    SEX                0.013      0.009      1.422      0.155

 AGE      WITH
    SEX                0.171      0.053      3.254      0.001
    ETHN               0.186      0.054      3.430      0.001

 ADI      WITH
    SEX               -0.373      0.495     -0.754      0.451
    ETHN              -2.523      0.564     -4.472      0.000
    AGE               -0.272      2.801     -0.097      0.923

 Means
    SEX                0.456      0.023     19.475      0.000
    ETHN               0.785      0.022     35.934      0.000
    AGE               14.141      0.119    118.789      0.000
    ADI               60.699      1.138     53.338      0.000

 Intercepts
    SVOL8              0.363      0.424      0.855      0.392

 Variances
    SEX                0.248      0.002    120.936      0.000
    ETHN               0.169      0.012     13.520      0.000
    AGE                5.003      0.398     12.561      0.000
    ADI              445.242     25.074     17.757      0.000

 Residual Variances
    SVOL8              0.765      0.066     11.596      0.000


QUALITY OF NUMERICAL RESULTS

     Condition Number for the Information Matrix              0.113E-06
       (ratio of smallest to largest eigenvalue)


STANDARDIZED MODEL RESULTS


STDYX Standardization

                                                    Two-Tailed
                    Estimate       S.E.  Est./S.E.    P-Value

 SVOL8    ON
    ADI               -0.144      0.062     -2.329      0.020
    SEX               -0.424      0.039    -10.769      0.000
    ETHN               0.138      0.060      2.307      0.021
    AGE                0.030      0.053      0.553      0.580

 ETHN     WITH
    SEX                0.065      0.045      1.428      0.153

 AGE      WITH
    SEX                0.154      0.045      3.412      0.001
    ETHN               0.202      0.055      3.657      0.000

 ADI      WITH
    SEX               -0.036      0.047     -0.754      0.451
    ETHN              -0.291      0.061     -4.755      0.000
    AGE               -0.006      0.059     -0.097      0.923

 Means
    SEX                0.916      0.043     21.181      0.000
    ETHN               1.913      0.124     15.429      0.000
    AGE                6.322      0.280     22.592      0.000
    ADI                2.877      0.096     30.034      0.000

 Intercepts
    SVOL8              0.367      0.429      0.856      0.392

 Variances
    SEX                1.000      0.000    999.000    999.000
    ETHN               1.000      0.000    999.000    999.000
    AGE                1.000      0.000    999.000    999.000
    ADI                1.000      0.000    999.000    999.000

 Residual Variances
    SVOL8              0.782      0.033     23.679      0.000


STDY Standardization

                                                    Two-Tailed
                    Estimate       S.E.  Est./S.E.    P-Value

 SVOL8    ON
    ADI               -0.144      0.062     -2.329      0.020
    SEX               -0.424      0.039    -10.769      0.000
    ETHN               0.138      0.060      2.307      0.021
    AGE                0.030      0.053      0.553      0.580

 ETHN     WITH
    SEX                0.065      0.045      1.428      0.153

 AGE      WITH
    SEX                0.154      0.045      3.412      0.001
    ETHN               0.202      0.055      3.657      0.000

 ADI      WITH
    SEX               -0.036      0.047     -0.754      0.451
    ETHN              -0.291      0.061     -4.755      0.000
    AGE               -0.006      0.059     -0.097      0.923

 Means
    SEX                0.916      0.043     21.181      0.000
    ETHN               1.913      0.124     15.429      0.000
    AGE                6.322      0.280     22.592      0.000
    ADI                2.877      0.096     30.034      0.000

 Intercepts
    SVOL8              0.367      0.429      0.856      0.392

 Variances
    SEX                1.000      0.000    999.000    999.000
    ETHN               1.000      0.000    999.000    999.000
    AGE                1.000      0.000    999.000    999.000
    ADI                1.000      0.000    999.000    999.000

 Residual Variances
    SVOL8              0.782      0.033     23.679      0.000


STD Standardization

                                                    Two-Tailed
                    Estimate       S.E.  Est./S.E.    P-Value

 SVOL8    ON
    ADI               -0.007      0.003     -2.345      0.019
    SEX               -0.841      0.097     -8.717      0.000
    ETHN               0.333      0.144      2.306      0.021
    AGE                0.013      0.024      0.554      0.580

 ETHN     WITH
    SEX                0.013      0.009      1.422      0.155

 AGE      WITH
    SEX                0.171      0.053      3.254      0.001
    ETHN               0.186      0.054      3.430      0.001

 ADI      WITH
    SEX               -0.373      0.495     -0.754      0.451
    ETHN              -2.523      0.564     -4.472      0.000
    AGE               -0.272      2.801     -0.097      0.923

 Means
    SEX                0.456      0.023     19.475      0.000
    ETHN               0.785      0.022     35.934      0.000
    AGE               14.141      0.119    118.789      0.000
    ADI               60.699      1.138     53.338      0.000

 Intercepts
    SVOL8              0.363      0.424      0.855      0.392

 Variances
    SEX                0.248      0.002    120.936      0.000
    ETHN               0.169      0.012     13.520      0.000
    AGE                5.003      0.398     12.561      0.000
    ADI              445.242     25.074     17.757      0.000

 Residual Variances
    SVOL8              0.765      0.066     11.596      0.000


R-SQUARE

    Observed                                        Two-Tailed
    Variable        Estimate       S.E.  Est./S.E.    P-Value

    SVOL8              0.218      0.033      6.594      0.000


CONFIDENCE INTERVALS OF MODEL RESULTS

                  Lower .5%  Lower 2.5%    Lower 5%    Estimate    Upper 5%  Upper 2.5%   Upper .5%

 SVOL8    ON
    ADI             -0.014      -0.012      -0.011      -0.007      -0.002      -0.001       0.001
    SEX             -1.090      -1.030      -1.000      -0.841      -0.683      -0.652      -0.593
    ETHN            -0.039       0.050       0.096       0.333       0.571       0.616       0.705
    AGE             -0.048      -0.033      -0.026       0.013       0.052       0.059       0.074

 ETHN     WITH
    SEX             -0.011      -0.005      -0.002       0.013       0.028       0.031       0.037

 AGE      WITH
    SEX              0.036       0.068       0.085       0.171       0.258       0.275       0.307
    ETHN             0.046       0.080       0.097       0.186       0.275       0.292       0.325

 ADI      WITH
    SEX             -1.648      -1.343      -1.187      -0.373       0.441       0.597       0.902
    ETHN            -3.976      -3.629      -3.451      -2.523      -1.595      -1.417      -1.070
    AGE             -7.485      -5.761      -4.878      -0.272       4.335       5.217       6.942

 Means
    SEX              0.396       0.410       0.418       0.456       0.495       0.502       0.517
    ETHN             0.729       0.742       0.749       0.785       0.821       0.828       0.842
    AGE             13.835      13.908      13.945      14.141      14.337      14.375      14.448
    ADI             57.768      58.468      58.827      60.699      62.571      62.929      63.630

 Intercepts
    SVOL8           -0.730      -0.469      -0.335       0.363       1.061       1.195       1.456

 Variances
    SEX              0.243       0.244       0.245       0.248       0.251       0.252       0.253
    ETHN             0.136       0.144       0.148       0.169       0.189       0.193       0.201
    AGE              3.977       4.222       4.348       5.003       5.658       5.783       6.029
    ADI            380.657     396.097     403.995     445.242     486.488     494.387     509.827

 Residual Variances
    SVOL8            0.595       0.636       0.657       0.765       0.874       0.895       0.935


CONFIDENCE INTERVALS OF STANDARDIZED MODEL RESULTS


STDYX Standardization

                  Lower .5%  Lower 2.5%    Lower 5%    Estimate    Upper 5%  Upper 2.5%   Upper .5%

 SVOL8    ON
    ADI             -0.303      -0.265      -0.246      -0.144      -0.042      -0.023       0.015
    SEX             -0.525      -0.501      -0.488      -0.424      -0.359      -0.347      -0.322
    ETHN            -0.016       0.021       0.040       0.138       0.237       0.256       0.293
    AGE             -0.108      -0.075      -0.058       0.030       0.117       0.134       0.167

 ETHN     WITH
    SEX             -0.052      -0.024      -0.010       0.065       0.139       0.153       0.181

 AGE      WITH
    SEX              0.038       0.065       0.080       0.154       0.228       0.242       0.270
    ETHN             0.060       0.094       0.111       0.202       0.293       0.311       0.345

 ADI      WITH
    SEX             -0.157      -0.128      -0.113      -0.036       0.042       0.057       0.086
    ETHN            -0.449      -0.411      -0.392      -0.291      -0.190      -0.171      -0.133
    AGE             -0.159      -0.122      -0.103      -0.006       0.092       0.111       0.147

 Means
    SEX              0.805       0.831       0.845       0.916       0.987       1.001       1.027
    ETHN             1.593       1.670       1.709       1.913       2.116       2.156       2.232
    AGE              5.602       5.774       5.862       6.322       6.783       6.871       7.043
    ADI              2.630       2.689       2.719       2.877       3.034       3.064       3.123

 Intercepts
    SVOL8           -0.737      -0.473      -0.338       0.367       1.072       1.207       1.472

 Variances
    SEX              1.000       1.000       1.000       1.000       1.000       1.000       1.000
    ETHN             1.000       1.000       1.000       1.000       1.000       1.000       1.000
    AGE              1.000       1.000       1.000       1.000       1.000       1.000       1.000
    ADI              1.000       1.000       1.000       1.000       1.000       1.000       1.000

 Residual Variances
    SVOL8            0.697       0.717       0.728       0.782       0.837       0.847       0.867


STDY Standardization

                  Lower .5%  Lower 2.5%    Lower 5%    Estimate    Upper 5%  Upper 2.5%   Upper .5%

 SVOL8    ON
    ADI             -0.303      -0.265      -0.246      -0.144      -0.042      -0.023       0.015
    SEX             -0.525      -0.501      -0.488      -0.424      -0.359      -0.347      -0.322
    ETHN            -0.016       0.021       0.040       0.138       0.237       0.256       0.293
    AGE             -0.108      -0.075      -0.058       0.030       0.117       0.134       0.167

 ETHN     WITH
    SEX             -0.052      -0.024      -0.010       0.065       0.139       0.153       0.181

 AGE      WITH
    SEX              0.038       0.065       0.080       0.154       0.228       0.242       0.270
    ETHN             0.060       0.094       0.111       0.202       0.293       0.311       0.345

 ADI      WITH
    SEX             -0.157      -0.128      -0.113      -0.036       0.042       0.057       0.086
    ETHN            -0.449      -0.411      -0.392      -0.291      -0.190      -0.171      -0.133
    AGE             -0.159      -0.122      -0.103      -0.006       0.092       0.111       0.147

 Means
    SEX              0.805       0.831       0.845       0.916       0.987       1.001       1.027
    ETHN             1.593       1.670       1.709       1.913       2.116       2.156       2.232
    AGE              5.602       5.774       5.862       6.322       6.783       6.871       7.043
    ADI              2.630       2.689       2.719       2.877       3.034       3.064       3.123

 Intercepts
    SVOL8           -0.737      -0.473      -0.338       0.367       1.072       1.207       1.472

 Variances
    SEX              1.000       1.000       1.000       1.000       1.000       1.000       1.000
    ETHN             1.000       1.000       1.000       1.000       1.000       1.000       1.000
    AGE              1.000       1.000       1.000       1.000       1.000       1.000       1.000
    ADI              1.000       1.000       1.000       1.000       1.000       1.000       1.000

 Residual Variances
    SVOL8            0.697       0.717       0.728       0.782       0.837       0.847       0.867


STD Standardization

                  Lower .5%  Lower 2.5%    Lower 5%    Estimate    Upper 5%  Upper 2.5%   Upper .5%

 SVOL8    ON
    ADI             -0.014      -0.012      -0.011      -0.007      -0.002      -0.001       0.001
    SEX             -1.090      -1.030      -1.000      -0.841      -0.683      -0.652      -0.593
    ETHN            -0.039       0.050       0.096       0.333       0.571       0.616       0.705
    AGE             -0.048      -0.033      -0.026       0.013       0.052       0.059       0.074

 ETHN     WITH
    SEX             -0.011      -0.005      -0.002       0.013       0.028       0.031       0.037

 AGE      WITH
    SEX              0.036       0.068       0.085       0.171       0.258       0.275       0.307
    ETHN             0.046       0.080       0.097       0.186       0.275       0.292       0.325

 ADI      WITH
    SEX             -1.648      -1.343      -1.187      -0.373       0.441       0.597       0.902
    ETHN            -3.976      -3.629      -3.451      -2.523      -1.595      -1.417      -1.070
    AGE             -7.485      -5.761      -4.878      -0.272       4.335       5.217       6.942

 Means
    SEX              0.396       0.410       0.418       0.456       0.495       0.502       0.517
    ETHN             0.729       0.742       0.749       0.785       0.821       0.828       0.842
    AGE             13.835      13.908      13.945      14.141      14.337      14.375      14.448
    ADI             57.768      58.468      58.827      60.699      62.571      62.929      63.630

 Intercepts
    SVOL8           -0.730      -0.469      -0.335       0.363       1.061       1.195       1.456

 Variances
    SEX              0.243       0.244       0.245       0.248       0.251       0.252       0.253
    ETHN             0.136       0.144       0.148       0.169       0.189       0.193       0.201
    AGE              3.977       4.222       4.348       5.003       5.658       5.783       6.029
    ADI            380.657     396.097     403.995     445.242     486.488     494.387     509.827

 Residual Variances
    SVOL8            0.595       0.636       0.657       0.765       0.874       0.895       0.935


TECHNICAL 1 OUTPUT


     PARAMETER SPECIFICATION


           NU
              SVOL8         SEX           ETHN          AGE           ADI
              ________      ________      ________      ________      ________
                  0             0             0             0             0


           LAMBDA
              SVOL8         SEX           ETHN          AGE           ADI
              ________      ________      ________      ________      ________
 SVOL8              0             0             0             0             0
 SEX                0             0             0             0             0
 ETHN               0             0             0             0             0
 AGE                0             0             0             0             0
 ADI                0             0             0             0             0


           THETA
              SVOL8         SEX           ETHN          AGE           ADI
              ________      ________      ________      ________      ________
 SVOL8              0
 SEX                0             0
 ETHN               0             0             0
 AGE                0             0             0             0
 ADI                0             0             0             0             0


           ALPHA
              SVOL8         SEX           ETHN          AGE           ADI
              ________      ________      ________      ________      ________
                  1             2             3             4             5


           BETA
              SVOL8         SEX           ETHN          AGE           ADI
              ________      ________      ________      ________      ________
 SVOL8              0             6             7             8             9
 SEX                0             0             0             0             0
 ETHN               0             0             0             0             0
 AGE                0             0             0             0             0
 ADI                0             0             0             0             0


           PSI
              SVOL8         SEX           ETHN          AGE           ADI
              ________      ________      ________      ________      ________
 SVOL8             10
 SEX                0            11
 ETHN               0            12            13
 AGE                0            14            15            16
 ADI                0            17            18            19            20


     STARTING VALUES


           NU
              SVOL8         SEX           ETHN          AGE           ADI
              ________      ________      ________      ________      ________
                0.000         0.000         0.000         0.000         0.000


           LAMBDA
              SVOL8         SEX           ETHN          AGE           ADI
              ________      ________      ________      ________      ________
 SVOL8          1.000         0.000         0.000         0.000         0.000
 SEX            0.000         1.000         0.000         0.000         0.000
 ETHN           0.000         0.000         1.000         0.000         0.000
 AGE            0.000         0.000         0.000         1.000         0.000
 ADI            0.000         0.000         0.000         0.000         1.000


           THETA
              SVOL8         SEX           ETHN          AGE           ADI
              ________      ________      ________      ________      ________
 SVOL8          0.000
 SEX            0.000         0.000
 ETHN           0.000         0.000         0.000
 AGE            0.000         0.000         0.000         0.000
 ADI            0.000         0.000         0.000         0.000         0.000


           ALPHA
              SVOL8         SEX           ETHN          AGE           ADI
              ________      ________      ________      ________      ________
                0.000         0.456         0.785        14.141        60.657


           BETA
              SVOL8         SEX           ETHN          AGE           ADI
              ________      ________      ________      ________      ________
 SVOL8          0.000         0.000         0.000         0.000         0.000
 SEX            0.000         0.000         0.000         0.000         0.000
 ETHN           0.000         0.000         0.000         0.000         0.000
 AGE            0.000         0.000         0.000         0.000         0.000
 ADI            0.000         0.000         0.000         0.000         0.000


           PSI
              SVOL8         SEX           ETHN          AGE           ADI
              ________      ________      ________      ________      ________
 SVOL8          0.499
 SEX            0.000         0.124
 ETHN           0.000         0.000         0.084
 AGE            0.000         0.000         0.000         2.501
 ADI            0.000         0.000         0.000         0.000       222.359


     Beginning Time:  17:53:29
        Ending Time:  17:53:29
       Elapsed Time:  00:00:00



MUTHEN & MUTHEN
3463 Stoner Ave.
Los Angeles, CA  90066

Tel: (310) 391-9971
Fax: (310) 391-8971
Web: www.StatModel.com
Support: Support@StatModel.com

Copyright (c) 1998-2022 Muthen & Muthen
