Mplus VERSION 8.8
MUTHEN & MUTHEN
07/25/2024   5:53 PM

INPUT INSTRUCTIONS


  TITLE: ADI_svol15

  DATA:
  	File = "mplus_mtwins_sahana_thesis06192024.csv";
  	
  VARIABLE:

  	Names = idtw twinid famid id ethn0 ethn zyg sex age edu income adi gmvol sgmvol
    	lhvol rhvol cortvol lhth rhth lhsa rhsa icv vol1-vol68 sa1-sa68 th1-th68
    	svol1-svol16 thickavg saavg;

  	
  	Missing = all (-999);

  	Usevar = famid sex ethn age adi svol15;

  	Cluster = famid;
  	
  ANALYSIS:

  	Type = Complex;
  	Estimator = MLR;
  	
  MODEL:

  	svol15 ON adi sex ethn age;

  	! Bring the XS into the model	
  	adi sex ethn age;
  	
  OUTPUT:
  	sampstat cinterval standardized;



INPUT READING TERMINATED NORMALLY



ADI_svol15

SUMMARY OF ANALYSIS

Number of groups                                                 1
Number of observations                                         708

Number of dependent variables                                    1
Number of independent variables                                  4
Number of continuous latent variables                            0

Observed dependent variables

  Continuous
   SVOL15

Observed independent variables
   SEX         ETHN        AGE         ADI

Variables with special functions

  Cluster variable      FAMID

Estimator                                                      MLR
Information matrix                                        OBSERVED
Maximum number of iterations                                  1000
Convergence criterion                                    0.500D-04
Maximum number of steepest descent iterations                   20
Maximum number of iterations for H1                           2000
Convergence criterion for H1                             0.100D-03

Input data file(s)
  mplus_mtwins_sahana_thesis06192024.csv

Input data format  FREE


SUMMARY OF DATA

     Number of missing data patterns             4
     Number of clusters                        354



COVARIANCE COVERAGE OF DATA

Minimum covariance coverage value   0.100


     PROPORTION OF DATA PRESENT


           Covariance Coverage
              SVOL15        SEX           ETHN          AGE           ADI
              ________      ________      ________      ________      ________
 SVOL15         0.739
 SEX            0.739         1.000
 ETHN           0.739         1.000         1.000
 AGE            0.739         1.000         1.000         1.000
 ADI            0.722         0.973         0.973         0.973         0.973


SAMPLE STATISTICS


     ESTIMATED SAMPLE STATISTICS


           Means
              SVOL15        SEX           ETHN          AGE           ADI
              ________      ________      ________      ________      ________
               -0.003         0.456         0.785        14.141        60.699


           Covariances
              SVOL15        SEX           ETHN          AGE           ADI
              ________      ________      ________      ________      ________
 SVOL15         0.995
 SEX           -0.100         0.248
 ETHN           0.033         0.013         0.169
 AGE           -0.023         0.171         0.186         5.003
 ADI           -2.177        -0.378        -2.531        -0.271       445.590


           Correlations
              SVOL15        SEX           ETHN          AGE           ADI
              ________      ________      ________      ________      ________
 SVOL15         1.000
 SEX           -0.201         1.000
 ETHN           0.080         0.065         1.000
 AGE           -0.010         0.154         0.202         1.000
 ADI           -0.103        -0.036        -0.292        -0.006         1.000


     MAXIMUM LOG-LIKELIHOOD VALUE FOR THE UNRESTRICTED (H1) MODEL IS -6208.943


UNIVARIATE SAMPLE STATISTICS


     UNIVARIATE HIGHER-ORDER MOMENT DESCRIPTIVE STATISTICS

         Variable/         Mean/     Skewness/   Minimum/ % with                Percentiles
        Sample Size      Variance    Kurtosis    Maximum  Min/Max      20%/60%    40%/80%    Median

     SVOL15                0.000       0.457      -2.497    0.19%      -0.836     -0.357     -0.100
             523.000       0.998       0.201       3.461    0.19%       0.180      0.801
     SEX                   0.456       0.176       0.000   54.38%       0.000      0.000      0.000
             708.000       0.248      -1.969       1.000   45.62%       1.000      1.000
     ETHN                  0.785      -1.390       0.000   21.47%       0.000      1.000      1.000
             708.000       0.169      -0.069       1.000   78.53%       1.000      1.000
     AGE                  14.141      -0.678       7.000    0.85%      12.000     14.000     14.000
             708.000       5.003       0.237      19.000    0.28%      15.000     16.000
     ADI                  60.657       0.033      12.000    0.29%      41.000     54.000     60.000
             689.000     444.719      -0.901      99.000    0.87%      67.000     80.000


THE MODEL ESTIMATION TERMINATED NORMALLY

     THE STANDARD ERRORS OF THE MODEL PARAMETER ESTIMATES MAY NOT BE
     TRUSTWORTHY FOR SOME PARAMETERS DUE TO A NON-POSITIVE DEFINITE
     FIRST-ORDER DERIVATIVE PRODUCT MATRIX.  THIS MAY BE DUE TO THE STARTING
     VALUES BUT MAY ALSO BE AN INDICATION OF MODEL NONIDENTIFICATION.  THE
     CONDITION NUMBER IS      -0.190D-18.  PROBLEM INVOLVING THE FOLLOWING PARAMETER:
     Parameter 19, ADI WITH AGE




MODEL FIT INFORMATION

Number of Free Parameters                       20

Loglikelihood

          H0 Value                       -6208.943
          H0 Scaling Correction Factor      1.6685
            for MLR
          H1 Value                       -6208.943
          H1 Scaling Correction Factor      1.6685
            for MLR

Information Criteria

          Akaike (AIC)                   12457.887
          Bayesian (BIC)                 12549.136
          Sample-Size Adjusted BIC       12485.631
            (n* = (n + 2) / 24)

Chi-Square Test of Model Fit

          Value                              0.000*
          Degrees of Freedom                     0
          P-Value                           0.0000
          Scaling Correction Factor         1.0000
            for MLR

*   The chi-square value for MLM, MLMV, MLR, ULSMV, WLSM and WLSMV cannot be used
    for chi-square difference testing in the regular way.  MLM, MLR and WLSM
    chi-square difference testing is described on the Mplus website.  MLMV, WLSMV,
    and ULSMV difference testing is done using the DIFFTEST option.

RMSEA (Root Mean Square Error Of Approximation)

          Estimate                           0.000
          90 Percent C.I.                    0.000  0.000
          Probability RMSEA <= .05           0.000

CFI/TLI

          CFI                                1.000
          TLI                                1.000

Chi-Square Test of Model Fit for the Baseline Model

          Value                             24.150
          Degrees of Freedom                     4
          P-Value                           0.0001

SRMR (Standardized Root Mean Square Residual)

          Value                              0.000



MODEL RESULTS

                                                    Two-Tailed
                    Estimate       S.E.  Est./S.E.    P-Value

 SVOL15   ON
    ADI               -0.004      0.003     -1.664      0.096
    SEX               -0.420      0.097     -4.317      0.000
    ETHN               0.158      0.136      1.161      0.246
    AGE                0.004      0.023      0.155      0.876

 ETHN     WITH
    SEX                0.013      0.009      1.422      0.155

 AGE      WITH
    SEX                0.171      0.053      3.255      0.001
    ETHN               0.186      0.054      3.430      0.001

 ADI      WITH
    SEX               -0.378      0.495     -0.763      0.445
    ETHN              -2.531      0.565     -4.476      0.000
    AGE               -0.271      2.804     -0.097      0.923

 Means
    SEX                0.456      0.023     19.475      0.000
    ETHN               0.785      0.022     35.934      0.000
    AGE               14.141      0.119    118.789      0.000
    ADI               60.699      1.139     53.304      0.000

 Intercepts
    SVOL15             0.277      0.395      0.701      0.484

 Variances
    SEX                0.248      0.002    120.936      0.000
    ETHN               0.169      0.012     13.520      0.000
    AGE                5.003      0.398     12.561      0.000
    ADI              445.589     25.122     17.737      0.000

 Residual Variances
    SVOL15             0.939      0.069     13.647      0.000


QUALITY OF NUMERICAL RESULTS

     Condition Number for the Information Matrix              0.127E-06
       (ratio of smallest to largest eigenvalue)


STANDARDIZED MODEL RESULTS


STDYX Standardization

                                                    Two-Tailed
                    Estimate       S.E.  Est./S.E.    P-Value

 SVOL15   ON
    ADI               -0.092      0.055     -1.668      0.095
    SEX               -0.209      0.047     -4.440      0.000
    ETHN               0.065      0.056      1.161      0.246
    AGE                0.008      0.052      0.155      0.877

 ETHN     WITH
    SEX                0.065      0.045      1.428      0.153

 AGE      WITH
    SEX                0.154      0.045      3.412      0.001
    ETHN               0.202      0.055      3.657      0.000

 ADI      WITH
    SEX               -0.036      0.047     -0.764      0.445
    ETHN              -0.292      0.061     -4.763      0.000
    AGE               -0.006      0.059     -0.097      0.923

 Means
    SEX                0.916      0.043     21.181      0.000
    ETHN               1.913      0.124     15.429      0.000
    AGE                6.322      0.280     22.592      0.000
    ADI                2.876      0.096     30.009      0.000

 Intercepts
    SVOL15             0.278      0.395      0.703      0.482

 Variances
    SEX                1.000      0.000    999.000    999.000
    ETHN               1.000      0.000    999.000    999.000
    AGE                1.000      0.000    999.000    999.000
    ADI                1.000      0.000    999.000    999.000

 Residual Variances
    SVOL15             0.943      0.021     45.558      0.000


STDY Standardization

                                                    Two-Tailed
                    Estimate       S.E.  Est./S.E.    P-Value

 SVOL15   ON
    ADI               -0.092      0.055     -1.668      0.095
    SEX               -0.209      0.047     -4.440      0.000
    ETHN               0.065      0.056      1.161      0.246
    AGE                0.008      0.052      0.155      0.877

 ETHN     WITH
    SEX                0.065      0.045      1.428      0.153

 AGE      WITH
    SEX                0.154      0.045      3.412      0.001
    ETHN               0.202      0.055      3.657      0.000

 ADI      WITH
    SEX               -0.036      0.047     -0.764      0.445
    ETHN              -0.292      0.061     -4.763      0.000
    AGE               -0.006      0.059     -0.097      0.923

 Means
    SEX                0.916      0.043     21.181      0.000
    ETHN               1.913      0.124     15.429      0.000
    AGE                6.322      0.280     22.592      0.000
    ADI                2.876      0.096     30.009      0.000

 Intercepts
    SVOL15             0.278      0.395      0.703      0.482

 Variances
    SEX                1.000      0.000    999.000    999.000
    ETHN               1.000      0.000    999.000    999.000
    AGE                1.000      0.000    999.000    999.000
    ADI                1.000      0.000    999.000    999.000

 Residual Variances
    SVOL15             0.943      0.021     45.558      0.000


STD Standardization

                                                    Two-Tailed
                    Estimate       S.E.  Est./S.E.    P-Value

 SVOL15   ON
    ADI               -0.004      0.003     -1.664      0.096
    SEX               -0.420      0.097     -4.317      0.000
    ETHN               0.158      0.136      1.161      0.246
    AGE                0.004      0.023      0.155      0.876

 ETHN     WITH
    SEX                0.013      0.009      1.422      0.155

 AGE      WITH
    SEX                0.171      0.053      3.255      0.001
    ETHN               0.186      0.054      3.430      0.001

 ADI      WITH
    SEX               -0.378      0.495     -0.763      0.445
    ETHN              -2.531      0.565     -4.476      0.000
    AGE               -0.271      2.804     -0.097      0.923

 Means
    SEX                0.456      0.023     19.475      0.000
    ETHN               0.785      0.022     35.934      0.000
    AGE               14.141      0.119    118.789      0.000
    ADI               60.699      1.139     53.304      0.000

 Intercepts
    SVOL15             0.277      0.395      0.701      0.484

 Variances
    SEX                0.248      0.002    120.936      0.000
    ETHN               0.169      0.012     13.520      0.000
    AGE                5.003      0.398     12.561      0.000
    ADI              445.589     25.122     17.737      0.000

 Residual Variances
    SVOL15             0.939      0.069     13.647      0.000


R-SQUARE

    Observed                                        Two-Tailed
    Variable        Estimate       S.E.  Est./S.E.    P-Value

    SVOL15             0.057      0.021      2.736      0.006


CONFIDENCE INTERVALS OF MODEL RESULTS

                  Lower .5%  Lower 2.5%    Lower 5%    Estimate    Upper 5%  Upper 2.5%   Upper .5%

 SVOL15   ON
    ADI             -0.011      -0.009      -0.009      -0.004       0.000       0.001       0.002
    SEX             -0.670      -0.610      -0.580      -0.420      -0.260      -0.229      -0.169
    ETHN            -0.192      -0.109      -0.066       0.158       0.382       0.425       0.508
    AGE             -0.057      -0.042      -0.035       0.004       0.042       0.049       0.064

 ETHN     WITH
    SEX             -0.011      -0.005      -0.002       0.013       0.028       0.031       0.037

 AGE      WITH
    SEX              0.036       0.068       0.085       0.171       0.258       0.275       0.307
    ETHN             0.046       0.080       0.097       0.186       0.275       0.292       0.325

 ADI      WITH
    SEX             -1.652      -1.347      -1.191      -0.378       0.436       0.592       0.896
    ETHN            -3.987      -3.639      -3.461      -2.531      -1.601      -1.423      -1.074
    AGE             -7.493      -5.766      -4.883      -0.271       4.341       5.224       6.951

 Means
    SEX              0.396       0.410       0.418       0.456       0.495       0.502       0.517
    ETHN             0.729       0.742       0.749       0.785       0.821       0.828       0.842
    AGE             13.835      13.908      13.945      14.141      14.337      14.375      14.448
    ADI             57.766      58.467      58.826      60.699      62.572      62.931      63.632

 Intercepts
    SVOL15          -0.741      -0.498      -0.373       0.277       0.927       1.052       1.295

 Variances
    SEX              0.243       0.244       0.245       0.248       0.251       0.252       0.253
    ETHN             0.136       0.144       0.148       0.169       0.189       0.193       0.201
    AGE              3.977       4.222       4.348       5.003       5.658       5.783       6.028
    ADI            380.880     396.350     404.263     445.589     486.914     494.828     510.298

 Residual Variances
    SVOL15           0.762       0.804       0.826       0.939       1.052       1.074       1.116


CONFIDENCE INTERVALS OF STANDARDIZED MODEL RESULTS


STDYX Standardization

                  Lower .5%  Lower 2.5%    Lower 5%    Estimate    Upper 5%  Upper 2.5%   Upper .5%

 SVOL15   ON
    ADI             -0.234      -0.200      -0.182      -0.092      -0.001       0.016       0.050
    SEX             -0.331      -0.302      -0.287      -0.209      -0.132      -0.117      -0.088
    ETHN            -0.079      -0.045      -0.027       0.065       0.157       0.175       0.209
    AGE             -0.127      -0.095      -0.078       0.008       0.094       0.111       0.143

 ETHN     WITH
    SEX             -0.052      -0.024      -0.010       0.065       0.139       0.153       0.181

 AGE      WITH
    SEX              0.038       0.065       0.080       0.154       0.228       0.242       0.270
    ETHN             0.060       0.094       0.111       0.202       0.293       0.311       0.345

 ADI      WITH
    SEX             -0.157      -0.128      -0.113      -0.036       0.041       0.056       0.085
    ETHN            -0.450      -0.412      -0.393      -0.292      -0.191      -0.172      -0.134
    AGE             -0.159      -0.122      -0.103      -0.006       0.092       0.111       0.147

 Means
    SEX              0.805       0.831       0.845       0.916       0.987       1.001       1.027
    ETHN             1.593       1.670       1.709       1.913       2.116       2.156       2.232
    AGE              5.602       5.774       5.862       6.322       6.783       6.871       7.043
    ADI              2.629       2.688       2.718       2.876       3.033       3.063       3.122

 Intercepts
    SVOL15          -0.739      -0.496      -0.372       0.278       0.927       1.051       1.294

 Variances
    SEX              1.000       1.000       1.000       1.000       1.000       1.000       1.000
    ETHN             1.000       1.000       1.000       1.000       1.000       1.000       1.000
    AGE              1.000       1.000       1.000       1.000       1.000       1.000       1.000
    ADI              1.000       1.000       1.000       1.000       1.000       1.000       1.000

 Residual Variances
    SVOL15           0.890       0.903       0.909       0.943       0.977       0.984       0.997


STDY Standardization

                  Lower .5%  Lower 2.5%    Lower 5%    Estimate    Upper 5%  Upper 2.5%   Upper .5%

 SVOL15   ON
    ADI             -0.234      -0.200      -0.182      -0.092      -0.001       0.016       0.050
    SEX             -0.331      -0.302      -0.287      -0.209      -0.132      -0.117      -0.088
    ETHN            -0.079      -0.045      -0.027       0.065       0.157       0.175       0.209
    AGE             -0.127      -0.095      -0.078       0.008       0.094       0.111       0.143

 ETHN     WITH
    SEX             -0.052      -0.024      -0.010       0.065       0.139       0.153       0.181

 AGE      WITH
    SEX              0.038       0.065       0.080       0.154       0.228       0.242       0.270
    ETHN             0.060       0.094       0.111       0.202       0.293       0.311       0.345

 ADI      WITH
    SEX             -0.157      -0.128      -0.113      -0.036       0.041       0.056       0.085
    ETHN            -0.450      -0.412      -0.393      -0.292      -0.191      -0.172      -0.134
    AGE             -0.159      -0.122      -0.103      -0.006       0.092       0.111       0.147

 Means
    SEX              0.805       0.831       0.845       0.916       0.987       1.001       1.027
    ETHN             1.593       1.670       1.709       1.913       2.116       2.156       2.232
    AGE              5.602       5.774       5.862       6.322       6.783       6.871       7.043
    ADI              2.629       2.688       2.718       2.876       3.033       3.063       3.122

 Intercepts
    SVOL15          -0.739      -0.496      -0.372       0.278       0.927       1.051       1.294

 Variances
    SEX              1.000       1.000       1.000       1.000       1.000       1.000       1.000
    ETHN             1.000       1.000       1.000       1.000       1.000       1.000       1.000
    AGE              1.000       1.000       1.000       1.000       1.000       1.000       1.000
    ADI              1.000       1.000       1.000       1.000       1.000       1.000       1.000

 Residual Variances
    SVOL15           0.890       0.903       0.909       0.943       0.977       0.984       0.997


STD Standardization

                  Lower .5%  Lower 2.5%    Lower 5%    Estimate    Upper 5%  Upper 2.5%   Upper .5%

 SVOL15   ON
    ADI             -0.011      -0.009      -0.009      -0.004       0.000       0.001       0.002
    SEX             -0.670      -0.610      -0.580      -0.420      -0.260      -0.229      -0.169
    ETHN            -0.192      -0.109      -0.066       0.158       0.382       0.425       0.508
    AGE             -0.057      -0.042      -0.035       0.004       0.042       0.049       0.064

 ETHN     WITH
    SEX             -0.011      -0.005      -0.002       0.013       0.028       0.031       0.037

 AGE      WITH
    SEX              0.036       0.068       0.085       0.171       0.258       0.275       0.307
    ETHN             0.046       0.080       0.097       0.186       0.275       0.292       0.325

 ADI      WITH
    SEX             -1.652      -1.347      -1.191      -0.378       0.436       0.592       0.896
    ETHN            -3.987      -3.639      -3.461      -2.531      -1.601      -1.423      -1.074
    AGE             -7.493      -5.766      -4.883      -0.271       4.341       5.224       6.951

 Means
    SEX              0.396       0.410       0.418       0.456       0.495       0.502       0.517
    ETHN             0.729       0.742       0.749       0.785       0.821       0.828       0.842
    AGE             13.835      13.908      13.945      14.141      14.337      14.375      14.448
    ADI             57.766      58.467      58.826      60.699      62.572      62.931      63.632

 Intercepts
    SVOL15          -0.741      -0.498      -0.373       0.277       0.927       1.052       1.295

 Variances
    SEX              0.243       0.244       0.245       0.248       0.251       0.252       0.253
    ETHN             0.136       0.144       0.148       0.169       0.189       0.193       0.201
    AGE              3.977       4.222       4.348       5.003       5.658       5.783       6.028
    ADI            380.880     396.350     404.263     445.589     486.914     494.828     510.298

 Residual Variances
    SVOL15           0.762       0.804       0.826       0.939       1.052       1.074       1.116


TECHNICAL 1 OUTPUT


     PARAMETER SPECIFICATION


           NU
              SVOL15        SEX           ETHN          AGE           ADI
              ________      ________      ________      ________      ________
                  0             0             0             0             0


           LAMBDA
              SVOL15        SEX           ETHN          AGE           ADI
              ________      ________      ________      ________      ________
 SVOL15             0             0             0             0             0
 SEX                0             0             0             0             0
 ETHN               0             0             0             0             0
 AGE                0             0             0             0             0
 ADI                0             0             0             0             0


           THETA
              SVOL15        SEX           ETHN          AGE           ADI
              ________      ________      ________      ________      ________
 SVOL15             0
 SEX                0             0
 ETHN               0             0             0
 AGE                0             0             0             0
 ADI                0             0             0             0             0


           ALPHA
              SVOL15        SEX           ETHN          AGE           ADI
              ________      ________      ________      ________      ________
                  1             2             3             4             5


           BETA
              SVOL15        SEX           ETHN          AGE           ADI
              ________      ________      ________      ________      ________
 SVOL15             0             6             7             8             9
 SEX                0             0             0             0             0
 ETHN               0             0             0             0             0
 AGE                0             0             0             0             0
 ADI                0             0             0             0             0


           PSI
              SVOL15        SEX           ETHN          AGE           ADI
              ________      ________      ________      ________      ________
 SVOL15            10
 SEX                0            11
 ETHN               0            12            13
 AGE                0            14            15            16
 ADI                0            17            18            19            20


     STARTING VALUES


           NU
              SVOL15        SEX           ETHN          AGE           ADI
              ________      ________      ________      ________      ________
                0.000         0.000         0.000         0.000         0.000


           LAMBDA
              SVOL15        SEX           ETHN          AGE           ADI
              ________      ________      ________      ________      ________
 SVOL15         1.000         0.000         0.000         0.000         0.000
 SEX            0.000         1.000         0.000         0.000         0.000
 ETHN           0.000         0.000         1.000         0.000         0.000
 AGE            0.000         0.000         0.000         1.000         0.000
 ADI            0.000         0.000         0.000         0.000         1.000


           THETA
              SVOL15        SEX           ETHN          AGE           ADI
              ________      ________      ________      ________      ________
 SVOL15         0.000
 SEX            0.000         0.000
 ETHN           0.000         0.000         0.000
 AGE            0.000         0.000         0.000         0.000
 ADI            0.000         0.000         0.000         0.000         0.000


           ALPHA
              SVOL15        SEX           ETHN          AGE           ADI
              ________      ________      ________      ________      ________
                0.000         0.456         0.785        14.141        60.657


           BETA
              SVOL15        SEX           ETHN          AGE           ADI
              ________      ________      ________      ________      ________
 SVOL15         0.000         0.000         0.000         0.000         0.000
 SEX            0.000         0.000         0.000         0.000         0.000
 ETHN           0.000         0.000         0.000         0.000         0.000
 AGE            0.000         0.000         0.000         0.000         0.000
 ADI            0.000         0.000         0.000         0.000         0.000


           PSI
              SVOL15        SEX           ETHN          AGE           ADI
              ________      ________      ________      ________      ________
 SVOL15         0.499
 SEX            0.000         0.124
 ETHN           0.000         0.000         0.084
 AGE            0.000         0.000         0.000         2.501
 ADI            0.000         0.000         0.000         0.000       222.359


     Beginning Time:  17:53:26
        Ending Time:  17:53:26
       Elapsed Time:  00:00:00



MUTHEN & MUTHEN
3463 Stoner Ave.
Los Angeles, CA  90066

Tel: (310) 391-9971
Fax: (310) 391-8971
Web: www.StatModel.com
Support: Support@StatModel.com

Copyright (c) 1998-2022 Muthen & Muthen
